[debug] [2024-05-24T12:53:27.484Z] ----------------------------------------------------------------------
[debug] [2024-05-24T12:53:27.485Z] Command:       /Users/mirza/.nvm/versions/node/v21.5.0/bin/node /Users/mirza/.nvm/versions/node/v21.5.0/bin/firebase deploy --only hosting
[debug] [2024-05-24T12:53:27.485Z] CLI Version:   13.10.0
[debug] [2024-05-24T12:53:27.487Z] Platform:      darwin
[debug] [2024-05-24T12:53:27.487Z] Node Version:  v21.5.0
[debug] [2024-05-24T12:53:27.487Z] Time:          Fri May 24 2024 14:53:27 GMT+0200 (Central European Summer Time)
[debug] [2024-05-24T12:53:27.487Z] ----------------------------------------------------------------------
[debug] 
[debug] [2024-05-24T12:53:27.488Z] >>> [apiv2][query] GET https://firebase-public.firebaseio.com/cli.json [none]
[debug] [2024-05-24T12:53:27.540Z] > command requires scopes: ["email","openid","https://www.googleapis.com/auth/cloudplatformprojects.readonly","https://www.googleapis.com/auth/firebase","https://www.googleapis.com/auth/cloud-platform"]
[debug] [2024-05-24T12:53:27.540Z] > authorizing via signed-in user (mirza1karic1@gmail.com)
[debug] [2024-05-24T12:53:27.540Z] [iam] checking project mindful-productivity-app for permissions ["firebase.projects.get","firebasehosting.sites.update"]
[debug] [2024-05-24T12:53:27.540Z] > refreshing access token with scopes: []
[debug] [2024-05-24T12:53:27.541Z] >>> [apiv2][query] POST https://www.googleapis.com/oauth2/v3/token [none]
[debug] [2024-05-24T12:53:27.541Z] >>> [apiv2][body] POST https://www.googleapis.com/oauth2/v3/token [omitted]
[debug] [2024-05-24T12:53:27.699Z] <<< [apiv2][status] POST https://www.googleapis.com/oauth2/v3/token 200
[debug] [2024-05-24T12:53:27.699Z] <<< [apiv2][body] POST https://www.googleapis.com/oauth2/v3/token [omitted]
[debug] [2024-05-24T12:53:27.710Z] >>> [apiv2][query] POST https://cloudresourcemanager.googleapis.com/v1/projects/mindful-productivity-app:testIamPermissions [none]
[debug] [2024-05-24T12:53:27.710Z] >>> [apiv2][(partial)header] POST https://cloudresourcemanager.googleapis.com/v1/projects/mindful-productivity-app:testIamPermissions x-goog-quota-user=projects/mindful-productivity-app
[debug] [2024-05-24T12:53:27.710Z] >>> [apiv2][body] POST https://cloudresourcemanager.googleapis.com/v1/projects/mindful-productivity-app:testIamPermissions {"permissions":["firebase.projects.get","firebasehosting.sites.update"]}
[debug] [2024-05-24T12:53:27.923Z] <<< [apiv2][status] GET https://firebase-public.firebaseio.com/cli.json 200
[debug] [2024-05-24T12:53:27.923Z] <<< [apiv2][body] GET https://firebase-public.firebaseio.com/cli.json {"cloudBuildErrorAfter":1594252800000,"cloudBuildWarnAfter":1590019200000,"defaultNode10After":1594252800000,"minVersion":"3.0.5","node8DeploysDisabledAfter":1613390400000,"node8RuntimeDisabledAfter":1615809600000,"node8WarnAfter":1600128000000}
[debug] [2024-05-24T12:53:28.589Z] <<< [apiv2][status] POST https://cloudresourcemanager.googleapis.com/v1/projects/mindful-productivity-app:testIamPermissions 200
[debug] [2024-05-24T12:53:28.589Z] <<< [apiv2][body] POST https://cloudresourcemanager.googleapis.com/v1/projects/mindful-productivity-app:testIamPermissions {"permissions":["firebase.projects.get","firebasehosting.sites.update"]}
[debug] [2024-05-24T12:53:28.590Z] >>> [apiv2][query] GET https://firebase.googleapis.com/v1beta1/projects/mindful-productivity-app [none]
[debug] [2024-05-24T12:53:29.015Z] <<< [apiv2][status] GET https://firebase.googleapis.com/v1beta1/projects/mindful-productivity-app 200
[debug] [2024-05-24T12:53:29.016Z] <<< [apiv2][body] GET https://firebase.googleapis.com/v1beta1/projects/mindful-productivity-app {"projectId":"mindful-productivity-app","projectNumber":"1023824603729","displayName":"Mindful-Productivity-App","name":"projects/mindful-productivity-app","resources":{"hostingSite":"mindful-productivity-app"},"state":"ACTIVE","etag":"1_e31b52b8-131a-46ab-9b26-3d3c7cefda78"}
[debug] [2024-05-24T12:53:29.880Z] >>> [apiv2][query] GET https://firebasehosting.googleapis.com/v1beta1/projects/mindful-productivity-app/sites pageToken=&pageSize=10
[debug] [2024-05-24T12:53:31.003Z] <<< [apiv2][status] GET https://firebasehosting.googleapis.com/v1beta1/projects/mindful-productivity-app/sites 200
[debug] [2024-05-24T12:53:31.004Z] <<< [apiv2][body] GET https://firebasehosting.googleapis.com/v1beta1/projects/mindful-productivity-app/sites {"sites":[{"name":"projects/mindful-productivity-app/sites/mindful-productivity-app","defaultUrl":"https://mindful-productivity-app.web.app","type":"DEFAULT_SITE"}]}
[debug] [2024-05-24T12:53:31.004Z] >>> [apiv2][query] GET https://firebasehosting.googleapis.com/v1beta1/projects/mindful-productivity-app/sites 
[debug] [2024-05-24T12:53:31.279Z] <<< [apiv2][status] GET https://firebasehosting.googleapis.com/v1beta1/projects/mindful-productivity-app/sites 200
[debug] [2024-05-24T12:53:31.279Z] <<< [apiv2][body] GET https://firebasehosting.googleapis.com/v1beta1/projects/mindful-productivity-app/sites {"sites":[{"name":"projects/mindful-productivity-app/sites/mindful-productivity-app","defaultUrl":"https://mindful-productivity-app.web.app","type":"DEFAULT_SITE"}]}
[debug] [2024-05-24T12:53:31.279Z] >>> [apiv2][query] GET https://firebase.googleapis.com/v1beta1/projects/mindful-productivity-app/webApps/-/config [none]
[debug] [2024-05-24T12:53:32.104Z] <<< [apiv2][status] GET https://firebase.googleapis.com/v1beta1/projects/mindful-productivity-app/webApps/-/config 200
[debug] [2024-05-24T12:53:32.104Z] <<< [apiv2][body] GET https://firebase.googleapis.com/v1beta1/projects/mindful-productivity-app/webApps/-/config {"projectId":"mindful-productivity-app","appId":"1:1023824603729:web:b6e385d1e1343fa24d2670","storageBucket":"mindful-productivity-app.appspot.com","apiKey":"AIzaSyAKLKV0IUT3B_uErFNJDXmpXTxzdRlWIw8","authDomain":"mindful-productivity-app.firebaseapp.com","messagingSenderId":"1023824603729"}
[info] 
   Thank you for trying our early preview of Next.js support on Firebase Hosting.
   During the preview, support is best-effort and breaking changes can be expected. Proceed with caution.
   The integration is known to work with Next.js version 12 - 14.0. You may encounter errors.

   Documentation: https://firebase.google.com/docs/hosting/frameworks/nextjs
   File a bug: https://github.com/firebase/firebase-tools/issues/new?template=bug_report.md
   Submit a feature request: https://github.com/firebase/firebase-tools/issues/new?template=feature_request.md

   We'd love to learn from you. Express your interest in helping us shape the future of Firebase Hosting: https://goo.gle/41enW5X

[debug] [2024-05-24T12:53:33.692Z] >>> [apiv2][query] GET https://firebasehosting.googleapis.com/v1beta1/projects/mindful-productivity-app/sites/mindful-productivity-app [none]
[debug] [2024-05-24T12:53:33.925Z] <<< [apiv2][status] GET https://firebasehosting.googleapis.com/v1beta1/projects/mindful-productivity-app/sites/mindful-productivity-app 200
[debug] [2024-05-24T12:53:33.925Z] <<< [apiv2][body] GET https://firebasehosting.googleapis.com/v1beta1/projects/mindful-productivity-app/sites/mindful-productivity-app {"name":"projects/mindful-productivity-app/sites/mindful-productivity-app","defaultUrl":"https://mindful-productivity-app.web.app","type":"DEFAULT_SITE"}
[info]   ▲ Next.js 14.2.3

[info] 

[info]    Creating an optimized production build ...

[info]  ✓ Compiled successfully

[info]    Linting and checking validity of types ...

[info] Failed to compile.


[info] ./src/hooks/useAuth.tsx:10:22
Type error: An import path can only end with a '.ts' extension when 'allowImportingTsExtensions' is enabled.

   8 |   ReactNode,
   9 | } from "react";
> 10 | import { auth } from "../../firebase.config.ts";
     |                      ^
  11 | import {
  12 |   createUserWithEmailAndPassword,
  13 |   signInWithEmailAndPassword,

[debug] [2024-05-24T12:53:41.200Z] Error: ENOENT: no such file or directory, open '/Users/mirza/IUS/6. Semester/Software Engineering/Project/mindful-productivity-app/.next/export-marker.json'
[error] 
[error] Error: An unexpected error has occurred.
